0 info it worked if it ends with ok
1 verbose cli [ '/usr/bin/node', '/usr/bin/npm', 'install', 'jquery' ]
2 info using npm@1.2.14
3 info using node@v0.8.22
4 verbose read json /var/lib/cloud9/powermeter/powermeter_exp/package.json
5 error Failed to parse json
5 error Unexpected string
6 error File: /var/lib/cloud9/powermeter/powermeter_exp/package.json
7 error Failed to parse package.json data.
7 error package.json must be actual JSON, not just JavaScript.
7 error
7 error This is not a bug in npm.
7 error Tell the package author to fix their package.json file. JSON.parse
8 error System Linux 3.8.13
9 error command "/usr/bin/node" "/usr/bin/npm" "install" "jquery"
10 error cwd /var/lib/cloud9/powermeter/powermeter_exp/public/javascripts
11 error node -v v0.8.22
12 error npm -v 1.2.14
13 error file /var/lib/cloud9/powermeter/powermeter_exp/package.json
14 error code EJSONPARSE
15 verbose exit [ 1, true ]
